C:\USERS\FAIZ\DOCUMENTS\VISUAL STUDIO 2012\PROJECTS\FINAL_PROJECT\FINAL_PROJECT\DEBUG\OPP_PROJECT.OBJ
C:\USERS\FAIZ\DOCUMENTS\VISUAL STUDIO 2012\PROJECTS\FINAL_PROJECT\FINAL_PROJECT\DEBUG\VC110.PDB
C:\USERS\FAIZ\DOCUMENTS\VISUAL STUDIO 2012\PROJECTS\FINAL_PROJECT\DEBUG\FINAL_PROJECT.ILK
C:\USERS\FAIZ\DOCUMENTS\VISUAL STUDIO 2012\PROJECTS\FINAL_PROJECT\DEBUG\FINAL_PROJECT.EXE
C:\USERS\FAIZ\DOCUMENTS\VISUAL STUDIO 2012\PROJECTS\FINAL_PROJECT\DEBUG\FINAL_PROJECT.PDB
C:\Users\FAIZ\Documents\Visual Studio 2012\Projects\FINAL_PROJECT\FINAL_PROJECT\Debug\OPP_PROJECT.obj
C:\Users\FAIZ\Documents\Visual Studio 2012\Projects\FINAL_PROJECT\FINAL_PROJECT\Debug\cl.command.1.tlog
C:\Users\FAIZ\Documents\Visual Studio 2012\Projects\FINAL_PROJECT\FINAL_PROJECT\Debug\CL.read.1.tlog
C:\Users\FAIZ\Documents\Visual Studio 2012\Projects\FINAL_PROJECT\FINAL_PROJECT\Debug\CL.write.1.tlog
C:\Users\FAIZ\Documents\Visual Studio 2012\Projects\FINAL_PROJECT\FINAL_PROJECT\Debug\link-cvtres.read.1.tlog
C:\Users\FAIZ\Documents\Visual Studio 2012\Projects\FINAL_PROJECT\FINAL_PROJECT\Debug\link-cvtres.write.1.tlog
C:\Users\FAIZ\Documents\Visual Studio 2012\Projects\FINAL_PROJECT\FINAL_PROJECT\Debug\link-rc.read.1.tlog
C:\Users\FAIZ\Documents\Visual Studio 2012\Projects\FINAL_PROJECT\FINAL_PROJECT\Debug\link-rc.write.1.tlog
C:\Users\FAIZ\Documents\Visual Studio 2012\Projects\FINAL_PROJECT\FINAL_PROJECT\Debug\link.4884-cvtres.read.1.tlog
C:\Users\FAIZ\Documents\Visual Studio 2012\Projects\FINAL_PROJECT\FINAL_PROJECT\Debug\link.4884-cvtres.write.1.tlog
C:\Users\FAIZ\Documents\Visual Studio 2012\Projects\FINAL_PROJECT\FINAL_PROJECT\Debug\link.4884-rc.read.1.tlog
C:\Users\FAIZ\Documents\Visual Studio 2012\Projects\FINAL_PROJECT\FINAL_PROJECT\Debug\link.4884-rc.write.1.tlog
C:\Users\FAIZ\Documents\Visual Studio 2012\Projects\FINAL_PROJECT\FINAL_PROJECT\Debug\link.4884.read.1.tlog
C:\Users\FAIZ\Documents\Visual Studio 2012\Projects\FINAL_PROJECT\FINAL_PROJECT\Debug\link.4884.write.1.tlog
C:\Users\FAIZ\Documents\Visual Studio 2012\Projects\FINAL_PROJECT\FINAL_PROJECT\Debug\link.command.1.tlog
C:\Users\FAIZ\Documents\Visual Studio 2012\Projects\FINAL_PROJECT\FINAL_PROJECT\Debug\link.read.1.tlog
C:\Users\FAIZ\Documents\Visual Studio 2012\Projects\FINAL_PROJECT\FINAL_PROJECT\Debug\link.write.1.tlog
C:\Users\FAIZ\Documents\Visual Studio 2012\Projects\FINAL_PROJECT\FINAL_PROJECT\Debug\vc110.idb
C:\Users\FAIZ\Documents\Visual Studio 2012\Projects\FINAL_PROJECT\FINAL_PROJECT\Debug\vc110.pdb
C:\Users\FAIZ\Documents\Visual Studio 2012\Projects\FINAL_PROJECT\Debug\FINAL_PROJECT.pdb
C:\Users\FAIZ\Documents\Visual Studio 2012\Projects\FINAL_PROJECT\Debug\FINAL_PROJECT.exe
C:\Users\FAIZ\Documents\Visual Studio 2012\Projects\FINAL_PROJECT\Debug\FINAL_PROJECT.ilk
